= 2022-03-29 14:01:10 - Starting AssetManagmentApplication using Java 1.8.0_321 on inlen8520026457 with PID 24752 (C:\Users\KISHON\Desktop\p\Sprint1\AssetManagment\target\classes started by kishon in C:\Users\KISHON\Desktop\p\Sprint1\AssetManagment)
= 2022-03-29 14:01:10 - No active profile set, falling back to default profiles: default
= 2022-03-29 14:01:10 - Devtools property defaults active! Set 'spring.devtools.add-properties' to 'false' to disable
= 2022-03-29 14:01:10 - For additional web related logging consider setting the 'logging.level.web' property to 'DEBUG'
= 2022-03-29 14:01:11 - Bootstrapping Spring Data JPA repositories in DEFAULT mode.
= 2022-03-29 14:01:11 - Finished Spring Data repository scanning in 94 ms. Found 4 JPA repository interfaces.
= 2022-03-29 14:01:12 - Tomcat initialized with port(s): 8081 (http)
= 2022-03-29 14:01:12 - Starting service [Tomcat]
= 2022-03-29 14:01:12 - Starting Servlet engine: [Apache Tomcat/9.0.48]
= 2022-03-29 14:01:13 - Initializing Spring embedded WebApplicationContext
= 2022-03-29 14:01:13 - Root WebApplicationContext: initialization completed in 2285 ms
= 2022-03-29 14:01:13 - HHH000204: Processing PersistenceUnitInfo [name: default]
= 2022-03-29 14:01:13 - HHH000412: Hibernate ORM core version 5.4.32.Final
= 2022-03-29 14:01:13 - HCANN000001: Hibernate Commons Annotations {5.1.2.Final}
= 2022-03-29 14:01:13 - HikariPool-1 - Starting...
= 2022-03-29 14:01:14 - HikariPool-1 - Start completed.
= 2022-03-29 14:01:14 - HHH000400: Using dialect: org.hibernate.dialect.PostgreSQLDialect
= 2022-03-29 14:01:15 - HHH000490: Using JtaPlatform implementation: [org.hibernate.engine.transaction.jta.platform.internal.NoJtaPlatform]
= 2022-03-29 14:01:15 - Initialized JPA EntityManagerFactory for persistence unit 'default'
= 2022-03-29 14:01:16 - spring.jpa.open-in-view is enabled by default. Therefore, database queries may be performed during view rendering. Explicitly configure spring.jpa.open-in-view to disable this warning
= 2022-03-29 14:01:16 - Mapped URL path [/v2/api-docs] onto method [springfox.documentation.swagger2.web.Swagger2Controller#getDocumentation(String, HttpServletRequest)]
= 2022-03-29 14:01:16 - LiveReload server is running on port 35729
= 2022-03-29 14:01:16 - Tomcat started on port(s): 8081 (http) with context path ''
= 2022-03-29 14:01:16 - Context refreshed
= 2022-03-29 14:01:16 - Found 1 custom documentation plugin(s)
= 2022-03-29 14:01:16 - Scanning for api listing references
= 2022-03-29 14:01:16 - Started AssetManagmentApplication in 6.648 seconds (JVM running for 7.125)
= 2022-03-29 16:00:17 - Starting AssetManagmentApplication using Java 1.8.0_321 on inlen8520026457 with PID 22556 (C:\Users\KISHON\Desktop\p\Sprint1\AssetManagment\target\classes started by kishon in C:\Users\KISHON\Desktop\p\Sprint1\AssetManagment)
= 2022-03-29 16:00:17 - No active profile set, falling back to default profiles: default
= 2022-03-29 16:00:18 - Devtools property defaults active! Set 'spring.devtools.add-properties' to 'false' to disable
= 2022-03-29 16:00:18 - For additional web related logging consider setting the 'logging.level.web' property to 'DEBUG'
= 2022-03-29 16:00:19 - Bootstrapping Spring Data JPA repositories in DEFAULT mode.
= 2022-03-29 16:00:19 - Finished Spring Data repository scanning in 61 ms. Found 4 JPA repository interfaces.
= 2022-03-29 16:00:20 - Tomcat initialized with port(s): 8081 (http)
= 2022-03-29 16:00:20 - Starting service [Tomcat]
= 2022-03-29 16:00:20 - Starting Servlet engine: [Apache Tomcat/9.0.48]
= 2022-03-29 16:00:20 - Initializing Spring embedded WebApplicationContext
= 2022-03-29 16:00:20 - Root WebApplicationContext: initialization completed in 2195 ms
= 2022-03-29 16:00:20 - HHH000204: Processing PersistenceUnitInfo [name: default]
= 2022-03-29 16:00:20 - HHH000412: Hibernate ORM core version 5.4.32.Final
= 2022-03-29 16:00:20 - HCANN000001: Hibernate Commons Annotations {5.1.2.Final}
= 2022-03-29 16:00:20 - HikariPool-1 - Starting...
= 2022-03-29 16:00:21 - HikariPool-1 - Start completed.
= 2022-03-29 16:00:21 - HHH000400: Using dialect: org.hibernate.dialect.PostgreSQLDialect
= 2022-03-29 16:00:22 - HHH000490: Using JtaPlatform implementation: [org.hibernate.engine.transaction.jta.platform.internal.NoJtaPlatform]
= 2022-03-29 16:00:22 - Initialized JPA EntityManagerFactory for persistence unit 'default'
= 2022-03-29 16:00:23 - spring.jpa.open-in-view is enabled by default. Therefore, database queries may be performed during view rendering. Explicitly configure spring.jpa.open-in-view to disable this warning
= 2022-03-29 16:00:23 - Mapped URL path [/v2/api-docs] onto method [springfox.documentation.swagger2.web.Swagger2Controller#getDocumentation(String, HttpServletRequest)]
= 2022-03-29 16:00:23 - LiveReload server is running on port 35729
= 2022-03-29 16:00:24 - Tomcat started on port(s): 8081 (http) with context path ''
= 2022-03-29 16:00:24 - Context refreshed
= 2022-03-29 16:00:24 - Found 1 custom documentation plugin(s)
= 2022-03-29 16:00:24 - Scanning for api listing references
= 2022-03-29 16:00:24 - Started AssetManagmentApplication in 7.047 seconds (JVM running for 7.756)
= 2022-03-29 16:00:27 - Initializing Spring DispatcherServlet 'dispatcherServlet'
= 2022-03-29 16:00:27 - Initializing Servlet 'dispatcherServlet'
= 2022-03-29 16:00:27 - Completed initialization in 2 ms
